<?xml version="1.0" encoding="UTF-8"?>
<!-- Generated by org.testng.reporters.JUnitXMLReporter -->
<testsuite ignored="0" hostname="BRIMACLAP156" failures="1" tests="1" name="Complete test run" time="37.798" errors="0" timestamp="2023-01-24T17:42:33 IST">
  <testcase classname="io.cucumber.testng.AbstractTestNGCucumberTests" name="runScenario" time="36.218">
    <failure type="java.lang.NullPointerException">
      <![CDATA[java.lang.NullPointerException
at Steps.product_search_page_show_correct_cart_actions.userSearchProduct(product_search_page_show_correct_cart_actions.java:12)
at ✽.I search for product "nail"(file:///Users/deepeshraghuvanshi/IdeaProjects/Reece/src/test/java/Features/product_search_qty_validation.feature:13)
]]>
    </failure>
  </testcase> <!-- runScenario -->
</testsuite> <!-- Complete test run -->
