<?xml version="1.0" encoding="UTF-8"?>
<testsuite xmlns:xsi="http://www.w3.org/2001/XMLSchema-instance" xsi:noNamespaceSchemaLocation="https://maven.apache.org/surefire/maven-surefire-plugin/xsd/surefire-test-report.xsd" name="TestSuite" time="38.456" tests="1" errors="0" skipped="0" failures="1">
  <properties>
[...]
</properties>
  <testcase name="runScenario" classname="Runner.Runner" time="36.237">
    <failure type="java.lang.NullPointerException">java.lang.NullPointerException
</failure>
    <system-out><![CDATA[
@regression
Scenario: Test that the quantity field on the product search page follow the validation rules of:    # src/test/java/Features/product_search_qty_validation.feature:5
  Given I login to my account with "9raghu8@gmail.com" and "Coke@123"                                # Steps.product_search.userLogInToReeceAccount(java.lang.String,java.lang.String)
find element method errorExpected condition failed: waiting for presence of element located by: By.xpath: //input[@id='search-input'] (tried for 10 second(s) with 500 milliseconds interval)
  And I search for product "nail"                                                                    # Steps.product_search_page_show_correct_cart_actions.userSearchProduct(java.lang.String)
      java.lang.NullPointerException
	at Steps.product_search_page_show_correct_cart_actions.userSearchProduct(product_search_page_show_correct_cart_actions.java:12)
	at ✽.I search for product "nail"(file:///Users/deepeshraghuvanshi/IdeaProjects/Reece/src/test/java/Features/product_search_qty_validation.feature:13)

  When I change the value of the quantity field of the first product to "31000" and enter            # Steps.product_search_qty_validation.userEnterProductQuantity(java.lang.String)
  Then I should see an error message of "Please enter a valid quantity." below the field             # Steps.product_search_qty_validation.userVerifyErrorMessage(java.lang.String)
  When I change the value of the quantity field of the first product to "0.00" and enter             # Steps.product_search_qty_validation.userEnterProductQuantity(java.lang.String)
  Then I should see an error message of "Please enter a valid quantity." below the field             # Steps.product_search_qty_validation.userVerifyErrorMessage(java.lang.String)
  When I change the value of the quantity field of the first product to "~`!@#$%^&*()_+-=" and enter # Steps.product_search_qty_validation.userEnterProductQuantity(java.lang.String)
  Then I should see an error message of "Please enter a valid quantity." below the field             # Steps.product_search_qty_validation.userVerifyErrorMessage(java.lang.String)
  When I change the value of the quantity field of the first product to "QWERTYUIOP{}" and enter     # Steps.product_search_qty_validation.userEnterProductQuantity(java.lang.String)
  Then I should see an error message of "Please enter a valid quantity." below the field             # Steps.product_search_qty_validation.userVerifyErrorMessage(java.lang.String)
  When I change the value of the quantity field of the first product to "ASDFGHJK" and enter         # Steps.product_search_qty_validation.userEnterProductQuantity(java.lang.String)
  Then I should see an error message of "Please enter a valid quantity." below the field             # Steps.product_search_qty_validation.userVerifyErrorMessage(java.lang.String)
  When I change the value of the quantity field of the first product to ":|;'" and enter             # Steps.product_search_qty_validation.userEnterProductQuantity(java.lang.String)
  Then I should see an error message of "Please enter a valid quantity." below the field             # Steps.product_search_qty_validation.userVerifyErrorMessage(java.lang.String)
  When I change the value of the quantity field of the first product to "ZXCVBNM" and enter          # Steps.product_search_qty_validation.userEnterProductQuantity(java.lang.String)
  Then I should see an error message of "Please enter a valid quantity." below the field             # Steps.product_search_qty_validation.userVerifyErrorMessage(java.lang.String)
  And I change the value of the quantity field of the first product to "0.01" and enter              # Steps.product_search_qty_validation.userEnterProductQuantity(java.lang.String)
  Then I should see an error message of "Please enter a valid quantity." below the field             # Steps.product_search_qty_validation.userVerifyErrorMessage(java.lang.String)
  And I change the value of the quantity field of the first product to "-1.45253" and enter          # Steps.product_search_qty_validation.userEnterProductQuantity(java.lang.String)
  Then I should see an error message of "Please enter a valid quantity." below the field             # Steps.product_search_qty_validation.userVerifyErrorMessage(java.lang.String)
  And I logout                                                                                       # Steps.product_search.userClickOnLogOutCTA()
Taking screenshot from Cucumber After hook with order=2 if the scenario fails

    Embedding Test that the quantity field on the product search page follow the validation rules of: [image/png 122144 bytes]

]]></system-out>
    <system-err><![CDATA[SLF4J: Failed to load class "org.slf4j.impl.StaticLoggerBinder".
SLF4J: Defaulting to no-operation (NOP) logger implementation
SLF4J: See http://www.slf4j.org/codes.html#StaticLoggerBinder for further details.
Starting ChromeDriver 109.0.5414.74 (e7c5703604daa9cc128ccf5a5d3e993513758913-refs/branch-heads/5414@{#1172}) on port 6436
Only local connections are allowed.
Please see https://chromedriver.chromium.org/security-considerations for suggestions on keeping ChromeDriver safe.
ChromeDriver was started successfully.
Jan 24, 2023 5:42:00 PM org.openqa.selenium.devtools.CdpVersionFinder findNearestMatch
WARNING: Unable to find an exact match for CDP version 109, so returning the closest version found: 108
]]></system-err>
  </testcase>
</testsuite>