-------------------------------------------------------------------------------
Test set: TestSuite
-------------------------------------------------------------------------------
Tests run: 1, Failures: 1, Errors: 0, Skipped: 0, Time elapsed: 38.456 s <<< FAILURE! - in TestSuite
runScenario(Runner.Runner)  Time elapsed: 36.237 s  <<< FAILURE!
java.lang.NullPointerException

