<?xml version="1.0" encoding="UTF-8"?>
<testng-results ignored="0" total="1" passed="0" failed="1" skipped="0">
  <reporter-output>
  </reporter-output>
  <suite started-at="2023-01-24T17:41:56 IST" name="Suite" finished-at="2023-01-24T17:42:33 IST" duration-ms="37798">
    <groups>
      <group name="cucumber">
        <method signature="AbstractTestNGCucumberTests.runScenario(io.cucumber.testng.PickleWrapper,io.cucumber.testng.FeatureWrapper)[pri:0, instance:Runner.Runner@74751b3]" name="runScenario" class="io.cucumber.testng.AbstractTestNGCucumberTests"/>
      </group> <!-- cucumber -->
    </groups>
    <test started-at="2023-01-24T17:41:56 IST" name="Complete test run" finished-at="2023-01-24T17:42:33 IST" duration-ms="37798">
      <class name="Runner.Runner">
        <test-method is-config="true" signature="setUpClass(org.testng.ITestContext)[pri:0, instance:Runner.Runner@74751b3]" started-at="2023-01-24T17:41:56 IST" name="setUpClass" finished-at="2023-01-24T17:41:57 IST" duration-ms="935" status="PASS">
          <params>
            <param index="0">
              <value>
                <![CDATA[org.testng.TestRunner@6c5ca0b6]]>
              </value>
            </param>
          </params>
          <reporter-output>
          </reporter-output>
        </test-method> <!-- setUpClass -->
        <test-method signature="runScenario(io.cucumber.testng.PickleWrapper,io.cucumber.testng.FeatureWrapper)[pri:0, instance:Runner.Runner@74751b3]" started-at="2023-01-24T17:41:57 IST" name="runScenario" description="Runs Cucumber Scenarios" data-provider="scenarios" finished-at="2023-01-24T17:42:33 IST" duration-ms="36218" status="FAIL">
          <params>
            <param index="0">
              <value>
                <![CDATA["Test that the quantity field on the product search page follow the validation rules of:"]]>
              </value>
            </param>
            <param index="1">
              <value>
                <![CDATA["OSOS-509 Quantity input fields on product search and product details page does not accept decimal values"]]>
              </value>
            </param>
          </params>
          <exception class="java.lang.NullPointerException">
            <full-stacktrace>
              <![CDATA[java.lang.NullPointerException
at Steps.product_search_page_show_correct_cart_actions.userSearchProduct(product_search_page_show_correct_cart_actions.java:12)
at ✽.I search for product "nail"(file:///Users/deepeshraghuvanshi/IdeaProjects/Reece/src/test/java/Features/product_search_qty_validation.feature:13)
]]>
            </full-stacktrace>
          </exception> <!-- java.lang.NullPointerException -->
          <reporter-output>
          </reporter-output>
        </test-method> <!-- runScenario -->
        <test-method is-config="true" signature="tearDownClass()[pri:0, instance:Runner.Runner@74751b3]" started-at="2023-01-24T17:42:33 IST" name="tearDownClass" finished-at="2023-01-24T17:42:33 IST" duration-ms="580" status="PASS">
          <reporter-output>
          </reporter-output>
        </test-method> <!-- tearDownClass -->
      </class> <!-- Runner.Runner -->
    </test> <!-- Complete test run -->
  </suite> <!-- Suite -->
</testng-results>
